<?xml version="1.0" encoding="UTF-8"?>
<!-- Generated by org.testng.reporters.JUnitXMLReporter -->
<testsuite hostname="LAPTOP-JF89UMLV" ignored="0" name="Login" tests="39" failures="2" timestamp="16 Jun 2020 08:50:07 GMT" time="790.177" errors="0">
  <testcase name="BIT_E70_verify_All_Links_Status_Test" time="10.109" classname="testcases.DashBoardTest"/>
  <testcase name="Export_Tables_Test" time="75.765" classname="testcases.DashBoardTest"/>
  <testcase name="Get_Search_Parameter_Test" time="0.208" classname="testcases.DashBoardTest"/>
  <testcase name="Units_By_Item_Description_Verify_Previous_Current_Value_Test" time="19.955" classname="testcases.DashBoardTest"/>
  <testcase name="Units_By_Product_Verify_Previous_Current_Value_Test" time="15.469" classname="testcases.DashBoardTest"/>
  <testcase name="Verify_Graph_Names_on_Dashboard_Test" time="0.73" classname="testcases.DashBoardTest"/>
  <testcase name="Verify_Graphs_Displayed_On_Dashboard" time="0.713" classname="testcases.DashBoardTest"/>
  <testcase name="Verify_Product_Status_Values_Test" time="0.114" classname="testcases.DashBoardTest"/>
  <testcase name="Verify_Profile_Center_Values_Test" time="0.244" classname="testcases.DashBoardTest"/>
  <testcase name="Verify_Search_Parameter_Test" time="0.163" classname="testcases.DashBoardTest"/>
  <testcase name="Verify_Show_Table_Button_Test" time="67.853" classname="testcases.DashBoardTest"/>
  <testcase name="verify_Graph_Image_Download_Test" time="38.061" classname="testcases.DashBoardTest"/>
  <testcase name="Verify_About_Page_Disclaimer_Context" time="0.391" classname="testcases.AboutTest"/>
  <testcase name="Verify_Login_Page_Title_Test" time="0.016" classname="testcases.LoginPageTest"/>
  <testcase name="Verify_Product_Sales_Table_Test" time="0.062" classname="testcases.ProductSalesTest"/>
  <testcase name="Verify_YOY_Table_Test" time="0.047" classname="testcases.YOYTest"/>
  <testcase name="Verify_Configuration_Table_Test" time="0.028" classname="testcases.ConfigurationTest"/>
  <testcase name="Login_Functionality_For_Invalid_Password" time="0.637" classname="testcases.LoginPageTest"/>
  <testcase name="Verify_Search_Parameters_For_Product_Sales_Test" time="0.359" classname="testcases.ProductSalesTest"/>
  <testcase name="Verify_Search_Parameters_For_YOY_Sales_Test" time="0.235" classname="testcases.YOYTest"/>
  <testcase name="Export_Configuration_Test" time="7.155" classname="testcases.ConfigurationTest"/>
  <testcase name="Login_Functionality_For_Invalid_Username" time="1.259" classname="testcases.LoginPageTest"/>
  <testcase name="Verify_Region_Dropdown_Values_For_Product_Sales_Test" time="0.203" classname="testcases.ProductSalesTest">
    <failure type="java.lang.AssertionError" message="lists don&amp;apos;t have the same size expected [4] but found [5]">
      <![CDATA[java.lang.AssertionError: lists don't have the same size expected [4] but found [5]
	at testcases.ProductSalesTest.Verify_Region_Dropdown_Values_For_Product_Sales_Test(ProductSalesTest.java:85)
... Removed 32 stack frames]]>
    </failure>
  </testcase> <!-- Verify_Region_Dropdown_Values_For_Product_Sales_Test -->
  <testcase name="Verify_Region_Dropdown_Values_For_YOY_Test" time="0.188" classname="testcases.YOYTest">
    <failure type="java.lang.AssertionError" message="lists don&amp;apos;t have the same size expected [4] but found [5]">
      <![CDATA[java.lang.AssertionError: lists don't have the same size expected [4] but found [5]
	at testcases.YOYTest.Verify_Region_Dropdown_Values_For_YOY_Test(YOYTest.java:87)
... Removed 32 stack frames]]>
    </failure>
  </testcase> <!-- Verify_Region_Dropdown_Values_For_YOY_Test -->
  <testcase name="Login_Functionality_For_Invalid_Username_And_Password" time="0.733" classname="testcases.LoginPageTest"/>
  <testcase name="Verify_Country_Dropdown_Values_For_Product_Sales_Test" time="0.62" classname="testcases.ProductSalesTest"/>
  <testcase name="Verify_Product_Status_Dropdown_Values_For_YOY_Test" time="0.116" classname="testcases.YOYTest"/>
  <testcase name="Login_To_Sales_Suite_Test" time="3.459" classname="testcases.LoginPageTest"/>
  <testcase name="Verify_Profile_Center_Dropdown_Values_For_Product_Sales_Test" time="0.339" classname="testcases.ProductSalesTest"/>
  <testcase name="Export_YOY_Test" time="7.117" classname="testcases.YOYTest"/>
  <testcase name="verify_alert_Text_Test" time="1.022" classname="testcases.LoginPageTest"/>
  <testcase name="Verify_Product_Status_Dropdown_Values_For_Product_Sales_Test" time="0.073" classname="testcases.ProductSalesTest"/>
  <testcase name="Financial_YOY_Graph_Presence_Test" time="0.096" classname="testcases.YOYTest"/>
  <testcase name="Verify_Market_Segment_Dropdown_Values_For_Product_Sales_Test" time="1.371" classname="testcases.ProductSalesTest"/>
  <testcase name="Financial_Monthly_Graph_Presence_Test" time="0.046" classname="testcases.YOYTest"/>
  <testcase name="Verify_Distributor_Dropdown_Values_For_Product_Sales_Test" time="0.754" classname="testcases.ProductSalesTest"/>
  <testcase name="verify_Graph_Image_Download_Test" time="8.578" classname="testcases.YOYTest"/>
  <testcase name="Verify_Product_Dropdown_Values_For_Product_Sales_Test" time="5.309" classname="testcases.ProductSalesTest"/>
  <testcase name="Export_Product_Sales_Test" time="7.554" classname="testcases.ProductSalesTest"/>
</testsuite> <!-- Login -->
