<html>
<head>
<title>TestNG:  Login</title>
<link href="../testng.css" rel="stylesheet" type="text/css" />
<link href="../my-testng.css" rel="stylesheet" type="text/css" />

<style type="text/css">
.log { display: none;} 
.stack-trace { display: none;} 
</style>
<script type="text/javascript">
<!--
function flip(e) {
  current = e.style.display;
  if (current == 'block') {
    e.style.display = 'none';
    return 0;
  }
  else {
    e.style.display = 'block';
    return 1;
  }
}

function toggleBox(szDivId, elem, msg1, msg2)
{
  var res = -1;  if (document.getElementById) {
    res = flip(document.getElementById(szDivId));
  }
  else if (document.all) {
    // this is the way old msie versions work
    res = flip(document.all[szDivId]);
  }
  if(elem) {
    if(res == 0) elem.innerHTML = msg1; else elem.innerHTML = msg2;
  }

}

function toggleAllBoxes() {
  if (document.getElementsByTagName) {
    d = document.getElementsByTagName('div');
    for (i = 0; i < d.length; i++) {
      if (d[i].className == 'log') {
        flip(d[i]);
      }
    }
  }
}

// -->
</script>

</head>
<body>
<h2 align='center'>Login</h2><table border='1' align="center">
<tr>
<td>Tests passed/Failed/Skipped:</td><td>37/2/0</td>
</tr><tr>
<td>Started on:</td><td>Tue Jun 16 14:06:57 IST 2020</td>
</tr>
<tr><td>Total time:</td><td>790 seconds (790177 ms)</td>
</tr><tr>
<td>Included groups:</td><td></td>
</tr><tr>
<td>Excluded groups:</td><td></td>
</tr>
</table><p/>
<small><i>(Hover the method name to see the test class name)</i></small><p/>
<table width='100%' border='1' class='invocation-failed'>
<tr><td colspan='4' align='center'><b>FAILED TESTS</b></td></tr>
<tr><td><b>Test method</b></td>
<td width="30%"><b>Exception</b></td>
<td width="10%"><b>Time (seconds)</b></td>
<td><b>Instance</b></td>
</tr>
<tr>
<td title='testcases.ProductSalesTest.Verify_Region_Dropdown_Values_For_Product_Sales_Test()'><b>Verify_Region_Dropdown_Values_For_Product_Sales_Test</b><br>Test class: testcases.ProductSalesTest</td>
<td><div><pre>java.lang.AssertionError: lists don&apos;t have the same size expected [4] but found [5]
	at testcases.ProductSalesTest.Verify_Region_Dropdown_Values_For_Product_Sales_Test(ProductSalesTest.java:85)
... Removed 32 stack frames</pre></div><a href='#' onClick='toggleBox("stack-trace874303441", this, "Click to show all stack frames", "Click to hide stack frames")'>Click to show all stack frames</a>
<div class='stack-trace' id='stack-trace874303441'><pre>java.lang.AssertionError: lists don&apos;t have the same size expected [4] but found [5]
	at org.testng.Assert.fail(Assert.java:93)
	at org.testng.Assert.failNotEquals(Assert.java:512)
	at org.testng.Assert.assertEqualsImpl(Assert.java:134)
	at org.testng.Assert.assertEquals(Assert.java:115)
	at org.testng.Assert.assertEquals(Assert.java:388)
	at org.testng.Assert.assertEquals(Assert.java:555)
	at org.testng.Assert.assertEquals(Assert.java:532)
	at testcases.ProductSalesTest.Verify_Region_Dropdown_Values_For_Product_Sales_Test(ProductSalesTest.java:85)
	at sun.reflect.NativeMethodAccessorImpl.invoke0(Native Method)
	at sun.reflect.NativeMethodAccessorImpl.invoke(NativeMethodAccessorImpl.java:62)
	at sun.reflect.DelegatingMethodAccessorImpl.invoke(DelegatingMethodAccessorImpl.java:43)
	at java.lang.reflect.Method.invoke(Method.java:498)
	at org.testng.internal.MethodInvocationHelper.invokeMethod(MethodInvocationHelper.java:108)
	at org.testng.internal.Invoker.invokeMethod(Invoker.java:661)
	at org.testng.internal.Invoker.invokeTestMethod(Invoker.java:869)
	at org.testng.internal.Invoker.invokeTestMethods(Invoker.java:1193)
	at org.testng.internal.TestMethodWorker.invokeTestMethods(TestMethodWorker.java:126)
	at org.testng.internal.TestMethodWorker.run(TestMethodWorker.java:109)
	at org.testng.TestRunner.privateRun(TestRunner.java:744)
	at org.testng.TestRunner.run(TestRunner.java:602)
	at org.testng.SuiteRunner.runTest(SuiteRunner.java:380)
	at org.testng.SuiteRunner.runSequentially(SuiteRunner.java:375)
	at org.testng.SuiteRunner.privateRun(SuiteRunner.java:340)
	at org.testng.SuiteRunner.run(SuiteRunner.java:289)
	at org.testng.SuiteRunnerWorker.runSuite(SuiteRunnerWorker.java:52)
	at org.testng.SuiteRunnerWorker.run(SuiteRunnerWorker.java:86)
	at org.testng.TestNG.runSuitesSequentially(TestNG.java:1301)
	at org.testng.TestNG.runSuitesLocally(TestNG.java:1226)
	at org.testng.TestNG.runSuites(TestNG.java:1144)
	at org.testng.TestNG.run(TestNG.java:1115)
	at org.testng.remote.AbstractRemoteTestNG.run(AbstractRemoteTestNG.java:115)
	at org.testng.remote.RemoteTestNG.initAndRun(RemoteTestNG.java:251)
	at org.testng.remote.RemoteTestNG.main(RemoteTestNG.java:77)
</pre></div></td>
<td>0</td>
<td>testcases.ProductSalesTest@6b26e945</td></tr>
<tr>
<td title='testcases.YOYTest.Verify_Region_Dropdown_Values_For_YOY_Test()'><b>Verify_Region_Dropdown_Values_For_YOY_Test</b><br>Test class: testcases.YOYTest</td>
<td><div><pre>java.lang.AssertionError: lists don&apos;t have the same size expected [4] but found [5]
	at testcases.YOYTest.Verify_Region_Dropdown_Values_For_YOY_Test(YOYTest.java:87)
... Removed 32 stack frames</pre></div><a href='#' onClick='toggleBox("stack-trace892091760", this, "Click to show all stack frames", "Click to hide stack frames")'>Click to show all stack frames</a>
<div class='stack-trace' id='stack-trace892091760'><pre>java.lang.AssertionError: lists don&apos;t have the same size expected [4] but found [5]
	at org.testng.Assert.fail(Assert.java:93)
	at org.testng.Assert.failNotEquals(Assert.java:512)
	at org.testng.Assert.assertEqualsImpl(Assert.java:134)
	at org.testng.Assert.assertEquals(Assert.java:115)
	at org.testng.Assert.assertEquals(Assert.java:388)
	at org.testng.Assert.assertEquals(Assert.java:555)
	at org.testng.Assert.assertEquals(Assert.java:532)
	at testcases.YOYTest.Verify_Region_Dropdown_Values_For_YOY_Test(YOYTest.java:87)
	at sun.reflect.NativeMethodAccessorImpl.invoke0(Native Method)
	at sun.reflect.NativeMethodAccessorImpl.invoke(NativeMethodAccessorImpl.java:62)
	at sun.reflect.DelegatingMethodAccessorImpl.invoke(DelegatingMethodAccessorImpl.java:43)
	at java.lang.reflect.Method.invoke(Method.java:498)
	at org.testng.internal.MethodInvocationHelper.invokeMethod(MethodInvocationHelper.java:108)
	at org.testng.internal.Invoker.invokeMethod(Invoker.java:661)
	at org.testng.internal.Invoker.invokeTestMethod(Invoker.java:869)
	at org.testng.internal.Invoker.invokeTestMethods(Invoker.java:1193)
	at org.testng.internal.TestMethodWorker.invokeTestMethods(TestMethodWorker.java:126)
	at org.testng.internal.TestMethodWorker.run(TestMethodWorker.java:109)
	at org.testng.TestRunner.privateRun(TestRunner.java:744)
	at org.testng.TestRunner.run(TestRunner.java:602)
	at org.testng.SuiteRunner.runTest(SuiteRunner.java:380)
	at org.testng.SuiteRunner.runSequentially(SuiteRunner.java:375)
	at org.testng.SuiteRunner.privateRun(SuiteRunner.java:340)
	at org.testng.SuiteRunner.run(SuiteRunner.java:289)
	at org.testng.SuiteRunnerWorker.runSuite(SuiteRunnerWorker.java:52)
	at org.testng.SuiteRunnerWorker.run(SuiteRunnerWorker.java:86)
	at org.testng.TestNG.runSuitesSequentially(TestNG.java:1301)
	at org.testng.TestNG.runSuitesLocally(TestNG.java:1226)
	at org.testng.TestNG.runSuites(TestNG.java:1144)
	at org.testng.TestNG.run(TestNG.java:1115)
	at org.testng.remote.AbstractRemoteTestNG.run(AbstractRemoteTestNG.java:115)
	at org.testng.remote.RemoteTestNG.initAndRun(RemoteTestNG.java:251)
	at org.testng.remote.RemoteTestNG.main(RemoteTestNG.java:77)
</pre></div></td>
<td>0</td>
<td>testcases.YOYTest@63a65a25</td></tr>
</table><p>
<table width='100%' border='1' class='invocation-passed'>
<tr><td colspan='4' align='center'><b>PASSED TESTS</b></td></tr>
<tr><td><b>Test method</b></td>
<td width="30%"><b>Exception</b></td>
<td width="10%"><b>Time (seconds)</b></td>
<td><b>Instance</b></td>
</tr>
<tr>
<td title='testcases.DashBoardTest.BIT_E70_verify_All_Links_Status_Test()'><b>BIT_E70_verify_All_Links_Status_Test</b><br>Test class: testcases.DashBoardTest</td>
<td></td>
<td>10</td>
<td>testcases.DashBoardTest@4df50bcc</td></tr>
<tr>
<td title='testcases.ConfigurationTest.Export_Configuration_Test()'><b>Export_Configuration_Test</b><br>Test class: testcases.ConfigurationTest</td>
<td></td>
<td>7</td>
<td>testcases.ConfigurationTest@54c562f7</td></tr>
<tr>
<td title='testcases.ProductSalesTest.Export_Product_Sales_Test()'><b>Export_Product_Sales_Test</b><br>Test class: testcases.ProductSalesTest</td>
<td></td>
<td>7</td>
<td>testcases.ProductSalesTest@6b26e945</td></tr>
<tr>
<td title='testcases.DashBoardTest.Export_Tables_Test()'><b>Export_Tables_Test</b><br>Test class: testcases.DashBoardTest</td>
<td></td>
<td>75</td>
<td>testcases.DashBoardTest@4df50bcc</td></tr>
<tr>
<td title='testcases.YOYTest.Export_YOY_Test()'><b>Export_YOY_Test</b><br>Test class: testcases.YOYTest</td>
<td></td>
<td>7</td>
<td>testcases.YOYTest@63a65a25</td></tr>
<tr>
<td title='testcases.YOYTest.Financial_Monthly_Graph_Presence_Test()'><b>Financial_Monthly_Graph_Presence_Test</b><br>Test class: testcases.YOYTest</td>
<td></td>
<td>0</td>
<td>testcases.YOYTest@63a65a25</td></tr>
<tr>
<td title='testcases.YOYTest.Financial_YOY_Graph_Presence_Test()'><b>Financial_YOY_Graph_Presence_Test</b><br>Test class: testcases.YOYTest</td>
<td></td>
<td>0</td>
<td>testcases.YOYTest@63a65a25</td></tr>
<tr>
<td title='testcases.DashBoardTest.Get_Search_Parameter_Test()'><b>Get_Search_Parameter_Test</b><br>Test class: testcases.DashBoardTest</td>
<td></td>
<td>0</td>
<td>testcases.DashBoardTest@4df50bcc</td></tr>
<tr>
<td title='testcases.LoginPageTest.Login_Functionality_For_Invalid_Password()'><b>Login_Functionality_For_Invalid_Password</b><br>Test class: testcases.LoginPageTest</td>
<td></td>
<td>0</td>
<td>testcases.LoginPageTest@25d250c6</td></tr>
<tr>
<td title='testcases.LoginPageTest.Login_Functionality_For_Invalid_Username()'><b>Login_Functionality_For_Invalid_Username</b><br>Test class: testcases.LoginPageTest</td>
<td></td>
<td>1</td>
<td>testcases.LoginPageTest@25d250c6</td></tr>
<tr>
<td title='testcases.LoginPageTest.Login_Functionality_For_Invalid_Username_And_Password()'><b>Login_Functionality_For_Invalid_Username_And_Password</b><br>Test class: testcases.LoginPageTest</td>
<td></td>
<td>0</td>
<td>testcases.LoginPageTest@25d250c6</td></tr>
<tr>
<td title='testcases.LoginPageTest.Login_To_Sales_Suite_Test()'><b>Login_To_Sales_Suite_Test</b><br>Test class: testcases.LoginPageTest</td>
<td></td>
<td>3</td>
<td>testcases.LoginPageTest@25d250c6</td></tr>
<tr>
<td title='testcases.DashBoardTest.Units_By_Item_Description_Verify_Previous_Current_Value_Test()'><b>Units_By_Item_Description_Verify_Previous_Current_Value_Test</b><br>Test class: testcases.DashBoardTest</td>
<td></td>
<td>19</td>
<td>testcases.DashBoardTest@4df50bcc</td></tr>
<tr>
<td title='testcases.DashBoardTest.Units_By_Product_Verify_Previous_Current_Value_Test()'><b>Units_By_Product_Verify_Previous_Current_Value_Test</b><br>Test class: testcases.DashBoardTest</td>
<td></td>
<td>15</td>
<td>testcases.DashBoardTest@4df50bcc</td></tr>
<tr>
<td title='testcases.AboutTest.Verify_About_Page_Disclaimer_Context()'><b>Verify_About_Page_Disclaimer_Context</b><br>Test class: testcases.AboutTest</td>
<td></td>
<td>0</td>
<td>testcases.AboutTest@318ba8c8</td></tr>
<tr>
<td title='testcases.ConfigurationTest.Verify_Configuration_Table_Test()'><b>Verify_Configuration_Table_Test</b><br>Test class: testcases.ConfigurationTest</td>
<td></td>
<td>0</td>
<td>testcases.ConfigurationTest@54c562f7</td></tr>
<tr>
<td title='testcases.ProductSalesTest.Verify_Country_Dropdown_Values_For_Product_Sales_Test()'><b>Verify_Country_Dropdown_Values_For_Product_Sales_Test</b><br>Test class: testcases.ProductSalesTest</td>
<td></td>
<td>0</td>
<td>testcases.ProductSalesTest@6b26e945</td></tr>
<tr>
<td title='testcases.ProductSalesTest.Verify_Distributor_Dropdown_Values_For_Product_Sales_Test()'><b>Verify_Distributor_Dropdown_Values_For_Product_Sales_Test</b><br>Test class: testcases.ProductSalesTest</td>
<td></td>
<td>0</td>
<td>testcases.ProductSalesTest@6b26e945</td></tr>
<tr>
<td title='testcases.DashBoardTest.Verify_Graph_Names_on_Dashboard_Test()'><b>Verify_Graph_Names_on_Dashboard_Test</b><br>Test class: testcases.DashBoardTest</td>
<td></td>
<td>0</td>
<td>testcases.DashBoardTest@4df50bcc</td></tr>
<tr>
<td title='testcases.DashBoardTest.Verify_Graphs_Displayed_On_Dashboard()'><b>Verify_Graphs_Displayed_On_Dashboard</b><br>Test class: testcases.DashBoardTest</td>
<td></td>
<td>0</td>
<td>testcases.DashBoardTest@4df50bcc</td></tr>
<tr>
<td title='testcases.LoginPageTest.Verify_Login_Page_Title_Test()'><b>Verify_Login_Page_Title_Test</b><br>Test class: testcases.LoginPageTest</td>
<td></td>
<td>0</td>
<td>testcases.LoginPageTest@25d250c6</td></tr>
<tr>
<td title='testcases.ProductSalesTest.Verify_Market_Segment_Dropdown_Values_For_Product_Sales_Test()'><b>Verify_Market_Segment_Dropdown_Values_For_Product_Sales_Test</b><br>Test class: testcases.ProductSalesTest</td>
<td></td>
<td>1</td>
<td>testcases.ProductSalesTest@6b26e945</td></tr>
<tr>
<td title='testcases.ProductSalesTest.Verify_Product_Dropdown_Values_For_Product_Sales_Test()'><b>Verify_Product_Dropdown_Values_For_Product_Sales_Test</b><br>Test class: testcases.ProductSalesTest</td>
<td></td>
<td>5</td>
<td>testcases.ProductSalesTest@6b26e945</td></tr>
<tr>
<td title='testcases.ProductSalesTest.Verify_Product_Sales_Table_Test()'><b>Verify_Product_Sales_Table_Test</b><br>Test class: testcases.ProductSalesTest</td>
<td></td>
<td>0</td>
<td>testcases.ProductSalesTest@6b26e945</td></tr>
<tr>
<td title='testcases.ProductSalesTest.Verify_Product_Status_Dropdown_Values_For_Product_Sales_Test()'><b>Verify_Product_Status_Dropdown_Values_For_Product_Sales_Test</b><br>Test class: testcases.ProductSalesTest</td>
<td></td>
<td>0</td>
<td>testcases.ProductSalesTest@6b26e945</td></tr>
<tr>
<td title='testcases.YOYTest.Verify_Product_Status_Dropdown_Values_For_YOY_Test()'><b>Verify_Product_Status_Dropdown_Values_For_YOY_Test</b><br>Test class: testcases.YOYTest</td>
<td></td>
<td>0</td>
<td>testcases.YOYTest@63a65a25</td></tr>
<tr>
<td title='testcases.DashBoardTest.Verify_Product_Status_Values_Test()'><b>Verify_Product_Status_Values_Test</b><br>Test class: testcases.DashBoardTest</td>
<td></td>
<td>0</td>
<td>testcases.DashBoardTest@4df50bcc</td></tr>
<tr>
<td title='testcases.ProductSalesTest.Verify_Profile_Center_Dropdown_Values_For_Product_Sales_Test()'><b>Verify_Profile_Center_Dropdown_Values_For_Product_Sales_Test</b><br>Test class: testcases.ProductSalesTest</td>
<td></td>
<td>0</td>
<td>testcases.ProductSalesTest@6b26e945</td></tr>
<tr>
<td title='testcases.DashBoardTest.Verify_Profile_Center_Values_Test()'><b>Verify_Profile_Center_Values_Test</b><br>Test class: testcases.DashBoardTest</td>
<td></td>
<td>0</td>
<td>testcases.DashBoardTest@4df50bcc</td></tr>
<tr>
<td title='testcases.DashBoardTest.Verify_Search_Parameter_Test()'><b>Verify_Search_Parameter_Test</b><br>Test class: testcases.DashBoardTest</td>
<td></td>
<td>0</td>
<td>testcases.DashBoardTest@4df50bcc</td></tr>
<tr>
<td title='testcases.ProductSalesTest.Verify_Search_Parameters_For_Product_Sales_Test()'><b>Verify_Search_Parameters_For_Product_Sales_Test</b><br>Test class: testcases.ProductSalesTest</td>
<td></td>
<td>0</td>
<td>testcases.ProductSalesTest@6b26e945</td></tr>
<tr>
<td title='testcases.YOYTest.Verify_Search_Parameters_For_YOY_Sales_Test()'><b>Verify_Search_Parameters_For_YOY_Sales_Test</b><br>Test class: testcases.YOYTest</td>
<td></td>
<td>0</td>
<td>testcases.YOYTest@63a65a25</td></tr>
<tr>
<td title='testcases.DashBoardTest.Verify_Show_Table_Button_Test()'><b>Verify_Show_Table_Button_Test</b><br>Test class: testcases.DashBoardTest</td>
<td></td>
<td>67</td>
<td>testcases.DashBoardTest@4df50bcc</td></tr>
<tr>
<td title='testcases.YOYTest.Verify_YOY_Table_Test()'><b>Verify_YOY_Table_Test</b><br>Test class: testcases.YOYTest</td>
<td></td>
<td>0</td>
<td>testcases.YOYTest@63a65a25</td></tr>
<tr>
<td title='testcases.DashBoardTest.verify_Graph_Image_Download_Test()'><b>verify_Graph_Image_Download_Test</b><br>Test class: testcases.DashBoardTest</td>
<td></td>
<td>38</td>
<td>testcases.DashBoardTest@4df50bcc</td></tr>
<tr>
<td title='testcases.YOYTest.verify_Graph_Image_Download_Test()'><b>verify_Graph_Image_Download_Test</b><br>Test class: testcases.YOYTest</td>
<td></td>
<td>8</td>
<td>testcases.YOYTest@63a65a25</td></tr>
<tr>
<td title='testcases.LoginPageTest.verify_alert_Text_Test()'><b>verify_alert_Text_Test</b><br>Test class: testcases.LoginPageTest</td>
<td></td>
<td>1</td>
<td>testcases.LoginPageTest@25d250c6</td></tr>
</table><p>
</body>
</html>