<?xml version="1.0" encoding="UTF-8"?>
<!-- Generated by org.testng.reporters.JUnitXMLReporter -->
<testsuite hostname="LAPTOP-JF89UMLV" ignored="0" name="testng.xml" tests="9" failures="1" timestamp="19 May 2020 06:13:30 GMT" time="116.785" errors="0">
  <testcase name="get_Search_Parameter" time="2.578" classname="testcases.DashBoardTest"/>
  <testcase name="verify_All_Links_Status_Test" time="12.2" classname="testcases.DashBoardTest"/>
  <testcase name="verify_Search_Parameter" time="1.744" classname="testcases.DashBoardTest">
    <failure type="java.lang.AssertionError" message="Search Parameter not displayed as expected expected [true] but found [false]">
      <![CDATA[java.lang.AssertionError: Search Parameter not displayed as expected expected [true] but found [false]
	at testcases.DashBoardTest.verify_Search_Parameter(DashBoardTest.java:59)
... Removed 28 stack frames]]>
    </failure>
  </testcase> <!-- verify_Search_Parameter -->
  <testcase name="Verify_Login_Page_Title_Test" time="0.013" classname="testcases.LoginPageTest"/>
  <testcase name="Login_Functionality_For_Invalid_Password" time="1.097" classname="testcases.LoginPageTest"/>
  <testcase name="Login_Functionality_For_Invalid_Username" time="1.142" classname="testcases.LoginPageTest"/>
  <testcase name="Login_Functionality_For_Invalid_Username_And_Password" time="1.011" classname="testcases.LoginPageTest"/>
  <testcase name="Login_To_Sales_Suite_Test" time="0.64" classname="testcases.LoginPageTest"/>
  <testcase name="verify_alert_Text_Test" time="1.063" classname="testcases.LoginPageTest"/>
</testsuite> <!-- testng.xml -->
