<?xml version="1.0" encoding="UTF-8"?>
<!-- Generated by org.testng.reporters.JUnitReportReporter -->
<testsuite skipped="0" hostname="LAPTOP-JF89UMLV" name="testcases.YOYTest" tests="8" failures="1" timestamp="16 Jun 2020 08:50:08 GMT" time="136.389" errors="0">
  <testcase name="Verify_YOY_Table_Test" time="16.223" classname="testcases.YOYTest"/>
  <testcase name="Verify_Search_Parameters_For_YOY_Sales_Test" time="13.937" classname="testcases.YOYTest"/>
  <testcase name="Verify_Region_Dropdown_Values_For_YOY_Test" time="15.216" classname="testcases.YOYTest">
    <failure type="java.lang.AssertionError" message="lists don&#039;t have the same size expected [4] but found [5]">
      <![CDATA[java.lang.AssertionError: lists don't have the same size expected [4] but found [5]
	at org.testng.Assert.fail(Assert.java:93)
	at org.testng.Assert.failNotEquals(Assert.java:512)
	at org.testng.Assert.assertEqualsImpl(Assert.java:134)
	at org.testng.Assert.assertEquals(Assert.java:115)
	at org.testng.Assert.assertEquals(Assert.java:388)
	at org.testng.Assert.assertEquals(Assert.java:555)
	at org.testng.Assert.assertEquals(Assert.java:532)
	at testcases.YOYTest.Verify_Region_Dropdown_Values_For_YOY_Test(YOYTest.java:87)
	at sun.reflect.NativeMethodAccessorImpl.invoke0(Native Method)
	at sun.reflect.NativeMethodAccessorImpl.invoke(NativeMethodAccessorImpl.java:62)
	at sun.reflect.DelegatingMethodAccessorImpl.invoke(DelegatingMethodAccessorImpl.java:43)
	at java.lang.reflect.Method.invoke(Method.java:498)
	at org.testng.internal.MethodInvocationHelper.invokeMethod(MethodInvocationHelper.java:108)
	at org.testng.internal.Invoker.invokeMethod(Invoker.java:661)
	at org.testng.internal.Invoker.invokeTestMethod(Invoker.java:869)
	at org.testng.internal.Invoker.invokeTestMethods(Invoker.java:1193)
	at org.testng.internal.TestMethodWorker.invokeTestMethods(TestMethodWorker.java:126)
	at org.testng.internal.TestMethodWorker.run(TestMethodWorker.java:109)
	at org.testng.TestRunner.privateRun(TestRunner.java:744)
	at org.testng.TestRunner.run(TestRunner.java:602)
	at org.testng.SuiteRunner.runTest(SuiteRunner.java:380)
	at org.testng.SuiteRunner.runSequentially(SuiteRunner.java:375)
	at org.testng.SuiteRunner.privateRun(SuiteRunner.java:340)
	at org.testng.SuiteRunner.run(SuiteRunner.java:289)
	at org.testng.SuiteRunnerWorker.runSuite(SuiteRunnerWorker.java:52)
	at org.testng.SuiteRunnerWorker.run(SuiteRunnerWorker.java:86)
	at org.testng.TestNG.runSuitesSequentially(TestNG.java:1301)
	at org.testng.TestNG.runSuitesLocally(TestNG.java:1226)
	at org.testng.TestNG.runSuites(TestNG.java:1144)
	at org.testng.TestNG.run(TestNG.java:1115)
	at org.testng.remote.AbstractRemoteTestNG.run(AbstractRemoteTestNG.java:115)
	at org.testng.remote.RemoteTestNG.initAndRun(RemoteTestNG.java:251)
	at org.testng.remote.RemoteTestNG.main(RemoteTestNG.java:77)
]]>
    </failure>
  </testcase> <!-- Verify_Region_Dropdown_Values_For_YOY_Test -->
  <testcase name="Verify_Product_Status_Dropdown_Values_For_YOY_Test" time="16.124" classname="testcases.YOYTest"/>
  <testcase name="Export_YOY_Test" time="20.514" classname="testcases.YOYTest"/>
  <testcase name="Financial_YOY_Graph_Presence_Test" time="14.434" classname="testcases.YOYTest"/>
  <testcase name="Financial_Monthly_Graph_Presence_Test" time="16.201" classname="testcases.YOYTest"/>
  <testcase name="verify_Graph_Image_Download_Test" time="23.740" classname="testcases.YOYTest"/>
</testsuite> <!-- testcases.YOYTest -->
